<?xml version="1.0" encoding="UTF-8"?>
<!-- Generated by org.testng.reporters.JUnitReportReporter -->
<testsuite hostname="Dell-Mayur" failures="0" tests="1" name="Test.AtoZ.DynamicTableTest" time="15.264" errors="0" timestamp="2023-09-08T23:01:08 IST" skipped="0">
  <testcase classname="Test.AtoZ.DynamicTableTest" name="DT" time="15.264"/>
</testsuite> <!-- Test.AtoZ.DynamicTableTest -->
