<?xml version="1.0" encoding="UTF-8"?>
<!-- Generated by org.testng.reporters.JUnitReportReporter -->
<testsuite hostname="Dell-Mayur" failures="0" tests="1" name="Test.AtoZ.PaginationTest" time="10.376" errors="0" timestamp="2023-09-08T23:01:09 IST" skipped="0">
  <testcase classname="Test.AtoZ.PaginationTest" name="Pagination1" time="10.376"/>
</testsuite> <!-- Test.AtoZ.PaginationTest -->
