<?xml version="1.0" encoding="UTF-8"?>
<!-- Generated by org.testng.reporters.JUnitReportReporter -->
<testsuite hostname="Dell-Mayur" failures="0" tests="1" name="Test.AtoZ.suggessionDrpDwnTest" time="13.212" errors="0" timestamp="2024-04-01T03:24:57 IST" skipped="0">
  <testcase classname="Test.AtoZ.suggessionDrpDwnTest" name="SelectCountry" time="13.212"/>
</testsuite> <!-- Test.AtoZ.suggessionDrpDwnTest -->
