<?xml version="1.0" encoding="UTF-8"?>
<!-- Generated by org.testng.reporters.JUnitReportReporter -->
<testsuite hostname="Dell-Mayur" failures="0" tests="1" name="Test.AtoZ.CheckBoxTest" time="13.681" errors="0" timestamp="2024-04-01T03:23:27 IST" skipped="0">
  <testcase classname="Test.AtoZ.CheckBoxTest" name="CheckBoxText1" time="13.681"/>
</testsuite> <!-- Test.AtoZ.CheckBoxTest -->
