<?xml version="1.0" encoding="UTF-8"?>
<!-- Generated by org.testng.reporters.JUnitReportReporter -->
<testsuite hostname="Dell-Mayur" failures="0" tests="1" name="Test.AtoZ.RadioTest" time="14.857" errors="0" timestamp="2023-09-08T23:01:08 IST" skipped="0">
  <testcase classname="Test.AtoZ.RadioTest" name="test" time="14.857"/>
</testsuite> <!-- Test.AtoZ.RadioTest -->
