<?xml version="1.0" encoding="UTF-8"?>
<!-- Generated by org.testng.reporters.JUnitReportReporter -->
<testsuite hostname="Dell-Mayur" failures="0" tests="1" name="Test.AtoZ.SwitchWindowTest" time="13.402" errors="0" timestamp="2023-09-08T23:01:09 IST" skipped="0">
  <testcase classname="Test.AtoZ.SwitchWindowTest" name="SwitchWindow1" time="13.402"/>
</testsuite> <!-- Test.AtoZ.SwitchWindowTest -->
