<?xml version="1.0" encoding="UTF-8"?>
<!-- Generated by org.testng.reporters.JUnitReportReporter -->
<testsuite hostname="Dell-Mayur" failures="0" tests="1" name="Test.AtoZ.Test1" time="6.551" errors="0" timestamp="2023-08-10T00:31:52 IST" skipped="0">
  <testcase classname="Test.AtoZ.Test1" name="test" time="6.551"/>
</testsuite> <!-- Test.AtoZ.Test1 -->
